<?xml version="1.0" encoding="UTF-8"?>
<!-- Generated by org.testng.reporters.JUnitReportReporter -->
<testsuite skipped="0" hostname="KALAMSIR-PC" name="tests.Runner5" tests="4" failures="0" timestamp="2020-09-20T15:15:29 IST" time="40.953" errors="0">
  <testcase name="runScenario" time="11.194" classname="tests.Runner5"/>
  <system-out/>
  <testcase name="runScenario" time="11.270" classname="tests.Runner5"/>
  <system-out/>
  <testcase name="runScenario" time="10.482" classname="tests.Runner5"/>
  <system-out/>
  <testcase name="runScenario" time="8.007" classname="tests.Runner5"/>
  <system-out/>
</testsuite> <!-- tests.Runner5 -->
